"22.04 10:54:07,954|" loop_redakteur hat status: start. 
"22.04 10:54:07,954|" getmsgid hat status: started. 
"22.04 10:54:07,986|" loop_redakteur hat status: Redakteur hat neue ID erhalten und schlaeft ein. 
"22.04 10:54:11,995|" loop_redakteur hat status: Redakteur wacht wieder auf. 
"22.04 10:54:11,995|" handle_new_id hat status: 13te Nachricht erstellt. 
"22.04 10:54:11,995|" write_new_message hat status: started. 
"22.04 10:54:11,995|" drop_message hat status: started. 
"22.04 10:54:12,010|" loop_redakteur hat status: start. 
"22.04 10:54:12,010|" getmsgid hat status: started. 
"22.04 10:54:12,790|" loop_redakteur hat status: Redakteur hat neue ID erhalten und schlaeft ein. 
"22.04 10:54:16,800|" loop_redakteur hat status: Redakteur wacht wieder auf. 
"22.04 10:54:16,800|" handle_new_id hat status: 47te Nachricht erstellt. 
"22.04 10:54:16,800|" write_new_message hat status: started. 
"22.04 10:54:16,800|" drop_message hat status: started. 
"22.04 10:54:16,800|" loop_redakteur hat status: start. 
"22.04 10:54:16,800|" getmsgid hat status: started. 
"22.04 10:54:17,173|" loop_redakteur hat status: Redakteur hat neue ID erhalten und schlaeft ein. 
"22.04 10:54:21,183|" loop_redakteur hat status: Redakteur wacht wieder auf. 
"22.04 10:54:21,183|" handle_new_id hat status: 72te Nachricht erstellt. 
"22.04 10:54:21,183|" write_new_message hat status: started. 
"22.04 10:54:21,183|" drop_message hat status: started. 
"22.04 10:54:21,183|" loop_redakteur hat status: start. 
"22.04 10:54:21,183|" getmsgid hat status: started. 
"22.04 10:54:21,292|" loop_redakteur hat status: Redakteur hat neue ID erhalten und schlaeft ein. 
"22.04 10:54:25,302|" loop_redakteur hat status: Redakteur wacht wieder auf. 
"22.04 10:54:25,302|" handle_new_id hat status: 97te Nachricht erstellt. 
"22.04 10:54:25,302|" write_new_message hat status: started. 
"22.04 10:54:25,302|" drop_message hat status: started. 
"22.04 10:54:25,302|" loop_redakteur hat status: start. 
"22.04 10:54:25,302|" getmsgid hat status: started. 
"22.04 10:54:25,363|" loop_redakteur hat status: Redakteur hat neue ID erhalten und schlaeft ein. 
"22.04 10:54:29,373|" loop_redakteur hat status: Redakteur wacht wieder auf. 
"22.04 10:54:29,373|" handle_new_id hat status: 122te Nachricht erstellt. 
"22.04 10:54:29,373|" write_new_message hat status: started. 
"22.04 10:54:29,373|" drop_message hat status: started. 
"22.04 10:54:29,373|" loop_redakteur hat status: start. 
"22.04 10:54:29,373|" getmsgid hat status: started. 
"22.04 10:54:29,435|" loop_redakteur hat status: Redakteur hat neue ID erhalten und schlaeft ein. 
"22.04 10:54:33,445|" loop_redakteur hat status: Redakteur wacht wieder auf. 
"22.04 10:54:33,445|" loop_redakteur hat status: Wechsel zu Leser, Nachrichtnummer: 147 'vergessen' zu senden. 
"22.04 10:54:33,445|" calcNewIntervall hat status: started. 
"22.04 10:54:33,445|" calcNewIntervall hat status: New: 2. 
"22.04 10:54:33,445|" calcNewIntervall hat status: Result: 2. 
"22.04 10:54:33,445|" loop_leser hat status: start. 
"22.04 10:54:33,445|" getmessage hat status: started. 
"22.04 10:54:34,038|" loop_leser hat status: Future: true [68,105,102,102,101,114,101,110,122,58,32,
              [123,["0",44,"0",44,"-1000"],125]]// Received MessageNummer: 26, Termi: true. 
"22.04 10:54:34,038|" loop_leser hat status: Wechsel zu Redakteur. 
"22.04 10:54:34,038|" loop_redakteur hat status: start. 
"22.04 10:54:34,038|" getmsgid hat status: started. 
"22.04 10:54:34,754|" loop_redakteur hat status: Redakteur hat neue ID erhalten und schlaeft ein. 
"22.04 10:54:34,770|" loop_redakteur hat status: Redakteur wacht wieder auf. 
"22.04 10:54:34,770|" handle_new_id hat status: 206te Nachricht erstellt. 
"22.04 10:54:34,770|" write_new_message hat status: started. 
"22.04 10:54:34,770|" drop_message hat status: started. 
"22.04 10:54:34,770|" loop_redakteur hat status: start. 
"22.04 10:54:34,770|" getmsgid hat status: started. 
"22.04 10:54:35,457|" loop_redakteur hat status: Redakteur hat neue ID erhalten und schlaeft ein. 
"22.04 10:54:35,472|" loop_redakteur hat status: Redakteur wacht wieder auf. 
"22.04 10:54:35,472|" handle_new_id hat status: 229te Nachricht erstellt. 
"22.04 10:54:35,472|" write_new_message hat status: started. 
"22.04 10:54:35,472|" drop_message hat status: started. 
"22.04 10:54:35,472|" loop_redakteur hat status: start. 
"22.04 10:54:35,472|" getmsgid hat status: started. 
"22.04 10:54:36,237|" loop_redakteur hat status: Redakteur hat neue ID erhalten und schlaeft ein. 
"22.04 10:54:36,253|" loop_redakteur hat status: Redakteur wacht wieder auf. 
"22.04 10:54:36,253|" handle_new_id hat status: 250te Nachricht erstellt. 
"22.04 10:54:36,253|" write_new_message hat status: started. 
"22.04 10:54:36,253|" drop_message hat status: started. 
"22.04 10:54:36,253|" loop_redakteur hat status: start. 
"22.04 10:54:36,253|" getmsgid hat status: started. 
"22.04 10:54:36,955|" loop_redakteur hat status: Redakteur hat neue ID erhalten und schlaeft ein. 
"22.04 10:54:36,970|" loop_redakteur hat status: Redakteur wacht wieder auf. 
"22.04 10:54:36,970|" handle_new_id hat status: 271te Nachricht erstellt. 
"22.04 10:54:36,970|" write_new_message hat status: started. 
"22.04 10:54:36,970|" drop_message hat status: started. 
"22.04 10:54:36,970|" loop_redakteur hat status: start. 
"22.04 10:54:36,970|" getmsgid hat status: started. 
"22.04 10:54:37,625|" loop_redakteur hat status: Redakteur hat neue ID erhalten und schlaeft ein. 
"22.04 10:54:37,641|" loop_redakteur hat status: Redakteur wacht wieder auf. 
"22.04 10:54:37,641|" handle_new_id hat status: 294te Nachricht erstellt. 
"22.04 10:54:37,641|" write_new_message hat status: started. 
"22.04 10:54:37,641|" drop_message hat status: started. 
"22.04 10:54:37,641|" loop_redakteur hat status: start. 
"22.04 10:54:37,641|" getmsgid hat status: started. 
"22.04 10:54:38,562|" loop_redakteur hat status: Redakteur hat neue ID erhalten und schlaeft ein. 
"22.04 10:54:38,577|" loop_redakteur hat status: Redakteur wacht wieder auf. 
"22.04 10:54:38,577|" loop_redakteur hat status: Wechsel zu Leser, Nachrichtnummer: 316 'vergessen' zu senden. 
"22.04 10:54:38,577|" calcNewIntervall hat status: started. 
"22.04 10:54:38,577|" calcNewIntervall hat status: New: 0. 
"22.04 10:54:38,577|" calcNewIntervall hat status: Result: 2. 
"22.04 10:54:38,577|" loop_leser hat status: start. 
"22.04 10:54:38,577|" getmessage hat status: started. 
"22.04 10:54:39,403|" loop_leser hat status: Future: true [68,105,102,102,101,114,101,110,122,58,32,
              [123,["0",44,"0",44,"-1000"],125]]// Received MessageNummer: 0, Termi: true. 
"22.04 10:54:39,403|" loop_leser hat status: Wechsel zu Redakteur. 
"22.04 10:54:39,403|" loop_redakteur hat status: start. 
"22.04 10:54:39,403|" getmsgid hat status: started. 
"22.04 10:54:39,980|" loop_redakteur hat status: Redakteur hat neue ID erhalten und schlaeft ein. 
"22.04 10:54:39,996|" loop_redakteur hat status: Redakteur wacht wieder auf. 
"22.04 10:54:39,996|" handle_new_id hat status: 353te Nachricht erstellt. 
"22.04 10:54:39,996|" write_new_message hat status: started. 
"22.04 10:54:39,996|" drop_message hat status: started. 
"22.04 10:54:39,996|" loop_redakteur hat status: start. 
"22.04 10:54:39,996|" getmsgid hat status: started. 
"22.04 10:54:40,683|" loop_redakteur hat status: Redakteur hat neue ID erhalten und schlaeft ein. 
"22.04 10:54:40,698|" loop_redakteur hat status: Redakteur wacht wieder auf. 
"22.04 10:54:40,698|" handle_new_id hat status: 378te Nachricht erstellt. 
"22.04 10:54:40,698|" write_new_message hat status: started. 
"22.04 10:54:40,698|" drop_message hat status: started. 
"22.04 10:54:40,698|" loop_redakteur hat status: start. 
"22.04 10:54:40,698|" getmsgid hat status: started. 
"22.04 10:54:41,495|" loop_redakteur hat status: Redakteur hat neue ID erhalten und schlaeft ein. 
"22.04 10:54:41,510|" loop_redakteur hat status: Redakteur wacht wieder auf. 
"22.04 10:54:41,510|" handle_new_id hat status: 400te Nachricht erstellt. 
"22.04 10:54:41,510|" write_new_message hat status: started. 
"22.04 10:54:41,510|" drop_message hat status: started. 
"22.04 10:54:41,510|" loop_redakteur hat status: start. 
"22.04 10:54:41,510|" getmsgid hat status: started. 
"22.04 10:54:42,197|" loop_redakteur hat status: Redakteur hat neue ID erhalten und schlaeft ein. 
"22.04 10:54:42,212|" loop_redakteur hat status: Redakteur wacht wieder auf. 
"22.04 10:54:42,212|" handle_new_id hat status: 421te Nachricht erstellt. 
"22.04 10:54:42,212|" write_new_message hat status: started. 
"22.04 10:54:42,212|" drop_message hat status: started. 
"22.04 10:54:42,353|" loop_redakteur hat status: start. 
"22.04 10:54:42,353|" getmsgid hat status: started. 
"22.04 10:54:43,257|" loop_redakteur hat status: Redakteur hat neue ID erhalten und schlaeft ein. 
"22.04 10:54:43,273|" loop_redakteur hat status: Redakteur wacht wieder auf. 
"22.04 10:54:43,273|" handle_new_id hat status: 445te Nachricht erstellt. 
"22.04 10:54:43,273|" write_new_message hat status: started. 
"22.04 10:54:43,273|" drop_message hat status: started. 
"22.04 10:54:43,273|" loop_redakteur hat status: start. 
"22.04 10:54:43,273|" getmsgid hat status: started. 
"22.04 10:54:43,991|" loop_redakteur hat status: Redakteur hat neue ID erhalten und schlaeft ein. 
"22.04 10:54:44,006|" loop_redakteur hat status: Redakteur wacht wieder auf. 
"22.04 10:54:44,006|" loop_redakteur hat status: Wechsel zu Leser, Nachrichtnummer: 466 'vergessen' zu senden. 
"22.04 10:54:44,006|" calcNewIntervall hat status: started. 
"22.04 10:54:44,006|" calcNewIntervall hat status: New: 0. 
"22.04 10:54:44,006|" calcNewIntervall hat status: Result: 2. 
"22.04 10:54:44,006|" loop_leser hat status: start. 
"22.04 10:54:44,006|" getmessage hat status: started. 
"22.04 10:54:44,599|" loop_leser hat status: Future: true [68,105,102,102,101,114,101,110,122,58,32,
              [123,["0",44,"0",44,"-1000"],125]]// Received MessageNummer: 279, Termi: true. 
"22.04 10:54:44,599|" loop_leser hat status: Wechsel zu Redakteur. 
"22.04 10:54:44,599|" loop_redakteur hat status: start. 
"22.04 10:54:44,599|" getmsgid hat status: started. 
"22.04 10:54:45,409|" loop_redakteur hat status: Redakteur hat neue ID erhalten und schlaeft ein. 
"22.04 10:54:45,425|" loop_redakteur hat status: Redakteur wacht wieder auf. 
"22.04 10:54:45,425|" handle_new_id hat status: 503te Nachricht erstellt. 
"22.04 10:54:45,425|" write_new_message hat status: started. 
"22.04 10:54:45,425|" drop_message hat status: started. 
"22.04 10:54:45,425|" loop_redakteur hat status: start. 
"22.04 10:54:45,425|" getmsgid hat status: started. 
"22.04 10:54:46,112|" loop_redakteur hat status: Redakteur hat neue ID erhalten und schlaeft ein. 
"22.04 10:54:46,128|" loop_redakteur hat status: Redakteur wacht wieder auf. 
"22.04 10:54:46,128|" handle_new_id hat status: 528te Nachricht erstellt. 
"22.04 10:54:46,128|" write_new_message hat status: started. 
"22.04 10:54:46,128|" drop_message hat status: started. 
"22.04 10:54:46,128|" loop_redakteur hat status: start. 
"22.04 10:54:46,128|" getmsgid hat status: started. 
"22.04 10:54:46,705|" loop_redakteur hat status: Redakteur hat neue ID erhalten und schlaeft ein. 
"22.04 10:54:46,721|" loop_redakteur hat status: Redakteur wacht wieder auf. 
"22.04 10:54:46,721|" handle_new_id hat status: 550te Nachricht erstellt. 
"22.04 10:54:46,721|" write_new_message hat status: started. 
"22.04 10:54:46,721|" drop_message hat status: started. 
"22.04 10:54:46,721|" loop_redakteur hat status: start. 
"22.04 10:54:46,721|" getmsgid hat status: started. 
"22.04 10:54:47,500|" loop_redakteur hat status: Redakteur hat neue ID erhalten und schlaeft ein. 
"22.04 10:54:47,516|" loop_redakteur hat status: Redakteur wacht wieder auf. 
"22.04 10:54:47,516|" handle_new_id hat status: 571te Nachricht erstellt. 
"22.04 10:54:47,516|" write_new_message hat status: started. 
"22.04 10:54:47,516|" drop_message hat status: started. 
"22.04 10:54:47,516|" loop_redakteur hat status: start. 
"22.04 10:54:47,516|" getmsgid hat status: started. 
"22.04 10:54:48,203|" loop_redakteur hat status: Redakteur hat neue ID erhalten und schlaeft ein. 
"22.04 10:54:48,218|" loop_redakteur hat status: Redakteur wacht wieder auf. 
"22.04 10:54:48,218|" handle_new_id hat status: 594te Nachricht erstellt. 
"22.04 10:54:48,218|" write_new_message hat status: started. 
"22.04 10:54:48,218|" drop_message hat status: started. 
"22.04 10:54:48,343|" loop_redakteur hat status: start. 
"22.04 10:54:48,343|" getmsgid hat status: started. 
"22.04 10:54:49,092|" loop_redakteur hat status: Redakteur hat neue ID erhalten und schlaeft ein. 
"22.04 10:54:49,107|" loop_redakteur hat status: Redakteur wacht wieder auf. 
"22.04 10:54:49,107|" loop_redakteur hat status: Wechsel zu Leser, Nachrichtnummer: 617 'vergessen' zu senden. 
"22.04 10:54:49,107|" calcNewIntervall hat status: started. 
"22.04 10:54:49,107|" calcNewIntervall hat status: New: 0. 
"22.04 10:54:49,107|" calcNewIntervall hat status: Result: 2. 
"22.04 10:54:49,107|" loop_leser hat status: start. 
"22.04 10:54:49,107|" getmessage hat status: started. 
"22.04 10:54:49,762|" loop_leser hat status: Future: true [68,105,102,102,101,114,101,110,122,58,32,
              [123,["0",44,"0",44,"-1000"],125]]// Received MessageNummer: 0, Termi: true. 
"22.04 10:54:49,762|" loop_leser hat status: Wechsel zu Redakteur. 
"22.04 10:54:49,762|" loop_redakteur hat status: start. 
"22.04 10:54:49,762|" getmsgid hat status: started. 
"22.04 10:54:50,496|" loop_redakteur hat status: Redakteur hat neue ID erhalten und schlaeft ein. 
"22.04 10:54:50,511|" loop_redakteur hat status: Redakteur wacht wieder auf. 
"22.04 10:54:50,511|" handle_new_id hat status: 654te Nachricht erstellt. 
"22.04 10:54:50,511|" write_new_message hat status: started. 
"22.04 10:54:50,511|" drop_message hat status: started. 
"22.04 10:54:50,511|" loop_redakteur hat status: start. 
"22.04 10:54:50,511|" getmsgid hat status: started. 
"22.04 10:54:51,260|" loop_redakteur hat status: Redakteur hat neue ID erhalten und schlaeft ein. 
"22.04 10:54:51,276|" loop_redakteur hat status: Redakteur wacht wieder auf. 
"22.04 10:54:51,276|" handle_new_id hat status: 679te Nachricht erstellt. 
"22.04 10:54:51,276|" write_new_message hat status: started. 
"22.04 10:54:51,276|" drop_message hat status: started. 
"22.04 10:54:51,276|" loop_redakteur hat status: start. 
"22.04 10:54:51,276|" getmsgid hat status: started. 
"22.04 10:54:52,040|" loop_redakteur hat status: Redakteur hat neue ID erhalten und schlaeft ein. 
"22.04 10:54:52,056|" loop_redakteur hat status: Redakteur wacht wieder auf. 
"22.04 10:54:52,056|" handle_new_id hat status: 701te Nachricht erstellt. 
"22.04 10:54:52,056|" write_new_message hat status: started. 
"22.04 10:54:52,056|" drop_message hat status: started. 
"22.04 10:54:52,056|" loop_redakteur hat status: start. 
"22.04 10:54:52,056|" getmsgid hat status: started. 
"22.04 10:54:53,038|" loop_redakteur hat status: Redakteur hat neue ID erhalten und schlaeft ein. 
"22.04 10:54:53,054|" loop_redakteur hat status: Redakteur wacht wieder auf. 
"22.04 10:54:53,054|" handle_new_id hat status: 722te Nachricht erstellt. 
"22.04 10:54:53,054|" write_new_message hat status: started. 
"22.04 10:54:53,054|" drop_message hat status: started. 
"22.04 10:54:53,054|" loop_redakteur hat status: start. 
"22.04 10:54:53,054|" getmsgid hat status: started. 
"22.04 10:54:53,975|" loop_redakteur hat status: Redakteur hat neue ID erhalten und schlaeft ein. 
"22.04 10:54:53,990|" loop_redakteur hat status: Redakteur wacht wieder auf. 
"22.04 10:54:53,990|" handle_new_id hat status: 744te Nachricht erstellt. 
"22.04 10:54:53,990|" write_new_message hat status: started. 
"22.04 10:54:53,990|" drop_message hat status: started. 
"22.04 10:54:53,990|" loop_redakteur hat status: start. 
"22.04 10:54:53,990|" getmsgid hat status: started. 
"22.04 10:54:54,895|" loop_redakteur hat status: Redakteur hat neue ID erhalten und schlaeft ein. 
"22.04 10:54:54,911|" loop_redakteur hat status: Redakteur wacht wieder auf. 
"22.04 10:54:54,911|" loop_redakteur hat status: Wechsel zu Leser, Nachrichtnummer: 767 'vergessen' zu senden. 
"22.04 10:54:54,911|" calcNewIntervall hat status: started. 
"22.04 10:54:54,911|" calcNewIntervall hat status: New: 0. 
"22.04 10:54:54,911|" calcNewIntervall hat status: Result: 2. 
"22.04 10:54:54,911|" loop_leser hat status: start. 
"22.04 10:54:54,911|" getmessage hat status: started. 
"22.04 10:54:55,550|" loop_leser hat status: Future: true [68,105,102,102,101,114,101,110,122,58,32,
              [123,["0",44,"0",44,"-1000"],125]]// Received MessageNummer: 577, Termi: true. 
"22.04 10:54:55,550|" loop_leser hat status: Wechsel zu Redakteur. 
"22.04 10:54:55,550|" loop_redakteur hat status: start. 
"22.04 10:54:55,550|" getmsgid hat status: started. 
"22.04 10:54:56,081|" loop_redakteur hat status: Redakteur hat neue ID erhalten und schlaeft ein. 
"22.04 10:54:56,096|" loop_redakteur hat status: Redakteur wacht wieder auf. 
"22.04 10:54:56,096|" handle_new_id hat status: 804te Nachricht erstellt. 
"22.04 10:54:56,096|" write_new_message hat status: started. 
"22.04 10:54:56,096|" drop_message hat status: started. 
"22.04 10:54:56,096|" loop_redakteur hat status: start. 
"22.04 10:54:56,096|" getmsgid hat status: started. 
"22.04 10:54:56,798|" loop_redakteur hat status: Redakteur hat neue ID erhalten und schlaeft ein. 
"22.04 10:54:56,814|" loop_redakteur hat status: Redakteur wacht wieder auf. 
"22.04 10:54:56,814|" handle_new_id hat status: 829te Nachricht erstellt. 
"22.04 10:54:56,814|" write_new_message hat status: started. 
"22.04 10:54:56,814|" drop_message hat status: started. 
"22.04 10:54:56,814|" loop_redakteur hat status: start. 
"22.04 10:54:56,814|" getmsgid hat status: started. 
"22.04 10:54:57,797|" loop_redakteur hat status: Redakteur hat neue ID erhalten und schlaeft ein. 
"22.04 10:54:57,812|" loop_redakteur hat status: Redakteur wacht wieder auf. 
"22.04 10:54:57,812|" handle_new_id hat status: 851te Nachricht erstellt. 
"22.04 10:54:57,812|" write_new_message hat status: started. 
"22.04 10:54:57,812|" drop_message hat status: started. 
"22.04 10:54:57,812|" loop_redakteur hat status: start. 
"22.04 10:54:57,812|" getmsgid hat status: started. 
"22.04 10:54:58,669|" loop_redakteur hat status: Redakteur hat neue ID erhalten und schlaeft ein. 
"22.04 10:54:58,685|" loop_redakteur hat status: Redakteur wacht wieder auf. 
"22.04 10:54:58,685|" handle_new_id hat status: 872te Nachricht erstellt. 
"22.04 10:54:58,685|" write_new_message hat status: started. 
"22.04 10:54:58,685|" drop_message hat status: started. 
"22.04 10:54:58,685|" loop_redakteur hat status: start. 
"22.04 10:54:58,685|" getmsgid hat status: started. 
"22.04 10:54:59,419|" loop_redakteur hat status: Redakteur hat neue ID erhalten und schlaeft ein. 
"22.04 10:54:59,435|" loop_redakteur hat status: Redakteur wacht wieder auf. 
"22.04 10:54:59,435|" handle_new_id hat status: 894te Nachricht erstellt. 
"22.04 10:54:59,435|" write_new_message hat status: started. 
"22.04 10:54:59,435|" drop_message hat status: started. 
"22.04 10:54:59,435|" loop_redakteur hat status: start. 
"22.04 10:54:59,435|" getmsgid hat status: started. 
"22.04 10:55:00,151|" loop_redakteur hat status: Redakteur hat neue ID erhalten und schlaeft ein. 
"22.04 10:55:00,167|" loop_redakteur hat status: Redakteur wacht wieder auf. 
"22.04 10:55:00,167|" loop_redakteur hat status: Wechsel zu Leser, Nachrichtnummer: 917 'vergessen' zu senden. 
"22.04 10:55:00,167|" calcNewIntervall hat status: started. 
"22.04 10:55:00,167|" calcNewIntervall hat status: New: 0. 
"22.04 10:55:00,167|" calcNewIntervall hat status: Result: 2. 
"22.04 10:55:00,167|" loop_leser hat status: start. 
"22.04 10:55:00,167|" getmessage hat status: started. 
"22.04 10:55:01,088|" loop_leser hat status: Future: true [68,105,102,102,101,114,101,110,122,58,32,
              [123,["0",44,"0",44,"-1000"],125]]// Received MessageNummer: 0, Termi: true. 
"22.04 10:55:01,088|" loop_leser hat status: Wechsel zu Redakteur. 
"22.04 10:55:01,088|" loop_redakteur hat status: start. 
"22.04 10:55:01,088|" getmsgid hat status: started. 
"22.04 10:55:01,649|" loop_redakteur hat status: Redakteur hat neue ID erhalten und schlaeft ein. 
"22.04 10:55:01,665|" loop_redakteur hat status: Redakteur wacht wieder auf. 
"22.04 10:55:01,665|" handle_new_id hat status: 954te Nachricht erstellt. 
"22.04 10:55:01,665|" write_new_message hat status: started. 
"22.04 10:55:01,665|" drop_message hat status: started. 
"22.04 10:55:01,665|" loop_redakteur hat status: start. 
"22.04 10:55:01,665|" getmsgid hat status: started. 
"22.04 10:55:02,336|" loop_redakteur hat status: Redakteur hat neue ID erhalten und schlaeft ein. 
"22.04 10:55:02,351|" loop_redakteur hat status: Redakteur wacht wieder auf. 
"22.04 10:55:02,351|" handle_new_id hat status: 979te Nachricht erstellt. 
"22.04 10:55:02,351|" write_new_message hat status: started. 
"22.04 10:55:02,351|" drop_message hat status: started. 
"22.04 10:55:02,351|" loop_redakteur hat status: start. 
"22.04 10:55:02,351|" getmsgid hat status: started. 
"22.04 10:55:03,132|" loop_redakteur hat status: Redakteur hat neue ID erhalten und schlaeft ein. 
"22.04 10:55:03,147|" loop_redakteur hat status: Redakteur wacht wieder auf. 
"22.04 10:55:03,147|" handle_new_id hat status: 1001te Nachricht erstellt. 
"22.04 10:55:03,147|" write_new_message hat status: started. 
"22.04 10:55:03,147|" drop_message hat status: started. 
"22.04 10:55:03,147|" loop_redakteur hat status: start. 
"22.04 10:55:03,147|" getmsgid hat status: started. 
"22.04 10:55:04,208|" loop_redakteur hat status: Redakteur hat neue ID erhalten und schlaeft ein. 
"22.04 10:55:04,224|" loop_redakteur hat status: Redakteur wacht wieder auf. 
"22.04 10:55:04,224|" handle_new_id hat status: 1022te Nachricht erstellt. 
"22.04 10:55:04,224|" write_new_message hat status: started. 
"22.04 10:55:04,224|" drop_message hat status: started. 
"22.04 10:55:04,224|" loop_redakteur hat status: start. 
"22.04 10:55:04,224|" getmsgid hat status: started. 
"22.04 10:55:04,895|" loop_redakteur hat status: Redakteur hat neue ID erhalten und schlaeft ein. 
"22.04 10:55:04,910|" loop_redakteur hat status: Redakteur wacht wieder auf. 
"22.04 10:55:04,910|" handle_new_id hat status: 1044te Nachricht erstellt. 
"22.04 10:55:04,910|" write_new_message hat status: started. 
"22.04 10:55:04,910|" drop_message hat status: started. 
"22.04 10:55:04,910|" loop_redakteur hat status: start. 
"22.04 10:55:04,910|" getmsgid hat status: started. 
"22.04 10:55:05,597|" loop_redakteur hat status: Redakteur hat neue ID erhalten und schlaeft ein. 
"22.04 10:55:05,612|" loop_redakteur hat status: Redakteur wacht wieder auf. 
"22.04 10:55:05,612|" loop_redakteur hat status: Wechsel zu Leser, Nachrichtnummer: 1067 'vergessen' zu senden. 
"22.04 10:55:05,612|" calcNewIntervall hat status: started. 
"22.04 10:55:05,612|" calcNewIntervall hat status: New: 0. 
"22.04 10:55:05,612|" calcNewIntervall hat status: Result: 2. 
"22.04 10:55:05,612|" loop_leser hat status: start. 
"22.04 10:55:05,612|" getmessage hat status: started. 
"22.04 10:55:06,579|" loop_leser hat status: Future: true [68,105,102,102,101,114,101,110,122,58,32,
              [123,["0",44,"0",44,"-1000"],125]]// Received MessageNummer: 877, Termi: true. 
"22.04 10:55:06,579|" loop_leser hat status: Wechsel zu Redakteur. 
"22.04 10:55:06,579|" loop_redakteur hat status: start. 
"22.04 10:55:06,579|" getmsgid hat status: started. 
"22.04 10:55:07,171|" loop_redakteur hat status: Redakteur hat neue ID erhalten und schlaeft ein. 
"22.04 10:55:07,187|" loop_redakteur hat status: Redakteur wacht wieder auf. 
"22.04 10:55:07,187|" handle_new_id hat status: 1104te Nachricht erstellt. 
"22.04 10:55:07,187|" write_new_message hat status: started. 
"22.04 10:55:07,187|" drop_message hat status: started. 
"22.04 10:55:07,187|" loop_redakteur hat status: start. 
"22.04 10:55:07,187|" getmsgid hat status: started. 
"22.04 10:55:07,827|" loop_redakteur hat status: Redakteur hat neue ID erhalten und schlaeft ein. 
"22.04 10:55:07,843|" loop_redakteur hat status: Redakteur wacht wieder auf. 
"22.04 10:55:07,843|" handle_new_id hat status: 1129te Nachricht erstellt. 
"22.04 10:55:07,843|" write_new_message hat status: started. 
"22.04 10:55:07,843|" drop_message hat status: started. 
"22.04 10:55:07,843|" loop_redakteur hat status: start. 
"22.04 10:55:07,843|" getmsgid hat status: started. 
"22.04 10:55:08,342|" loop_redakteur hat status: Redakteur hat neue ID erhalten und schlaeft ein. 
"22.04 10:55:08,358|" loop_redakteur hat status: Redakteur wacht wieder auf. 
"22.04 10:55:08,358|" handle_new_id hat status: 1151te Nachricht erstellt. 
"22.04 10:55:08,358|" write_new_message hat status: started. 
"22.04 10:55:08,358|" drop_message hat status: started. 
"22.04 10:55:08,358|" loop_redakteur hat status: start. 
"22.04 10:55:08,358|" getmsgid hat status: started. 
"22.04 10:55:09,012|" loop_redakteur hat status: Redakteur hat neue ID erhalten und schlaeft ein. 
"22.04 10:55:09,028|" loop_redakteur hat status: Redakteur wacht wieder auf. 
"22.04 10:55:09,028|" handle_new_id hat status: 1171te Nachricht erstellt. 
"22.04 10:55:09,028|" write_new_message hat status: started. 
"22.04 10:55:09,028|" drop_message hat status: started. 
"22.04 10:55:09,028|" loop_redakteur hat status: start. 
"22.04 10:55:09,028|" getmsgid hat status: started. 
"22.04 10:55:09,698|" loop_redakteur hat status: Redakteur hat neue ID erhalten und schlaeft ein. 
"22.04 10:55:09,714|" loop_redakteur hat status: Redakteur wacht wieder auf. 
"22.04 10:55:09,714|" handle_new_id hat status: 1194te Nachricht erstellt. 
"22.04 10:55:09,714|" write_new_message hat status: started. 
"22.04 10:55:09,714|" drop_message hat status: started. 
"22.04 10:55:09,714|" loop_redakteur hat status: start. 
"22.04 10:55:09,714|" getmsgid hat status: started. 
"22.04 10:55:10,651|" loop_redakteur hat status: Redakteur hat neue ID erhalten und schlaeft ein. 
"22.04 10:55:10,667|" loop_redakteur hat status: Redakteur wacht wieder auf. 
"22.04 10:55:10,667|" loop_redakteur hat status: Wechsel zu Leser, Nachrichtnummer: 1216 'vergessen' zu senden. 
"22.04 10:55:10,667|" calcNewIntervall hat status: started. 
"22.04 10:55:10,667|" calcNewIntervall hat status: New: 0. 
"22.04 10:55:10,667|" calcNewIntervall hat status: Result: 2. 
"22.04 10:55:10,667|" loop_leser hat status: start. 
"22.04 10:55:10,667|" getmessage hat status: started. 
"22.04 10:55:11,135|" loop_leser hat status: Future: true [68,105,102,102,101,114,101,110,122,58,32,
              [123,["0",44,"0",44,"-1000"],125]]// Received MessageNummer: 0, Termi: true. 
"22.04 10:55:11,135|" loop_leser hat status: Wechsel zu Redakteur. 
"22.04 10:55:11,135|" loop_redakteur hat status: start. 
"22.04 10:55:11,135|" getmsgid hat status: started. 
"22.04 10:55:11,478|" loop_redakteur hat status: Redakteur hat neue ID erhalten und schlaeft ein. 
"22.04 10:55:11,494|" loop_redakteur hat status: Redakteur wacht wieder auf. 
"22.04 10:55:11,494|" handle_new_id hat status: 1253te Nachricht erstellt. 
"22.04 10:55:11,494|" write_new_message hat status: started. 
"22.04 10:55:11,494|" drop_message hat status: started. 
"22.04 10:55:11,494|" loop_redakteur hat status: start. 
"22.04 10:55:11,494|" getmsgid hat status: started. 
"22.04 10:55:11,587|" loop_redakteur hat status: Redakteur hat neue ID erhalten und schlaeft ein. 
"22.04 10:55:11,603|" loop_redakteur hat status: Redakteur wacht wieder auf. 
"22.04 10:55:11,603|" handle_new_id hat status: 1276te Nachricht erstellt. 
"22.04 10:55:11,603|" write_new_message hat status: started. 
"22.04 10:55:11,603|" drop_message hat status: started. 
"22.04 10:55:11,603|" loop_redakteur hat status: start. 
"22.04 10:55:11,603|" getmsgid hat status: started. 
"22.04 10:55:12,898|" loop_redakteur hat status: Redakteur hat neue ID erhalten und schlaeft ein. 
"22.04 10:55:12,913|" loop_redakteur hat status: Redakteur wacht wieder auf. 
"22.04 10:55:12,913|" handle_new_id hat status: 1298te Nachricht erstellt. 
"22.04 10:55:12,913|" write_new_message hat status: started. 
"22.04 10:55:12,913|" drop_message hat status: started. 
"22.04 10:55:12,913|" loop_redakteur hat status: start. 
"22.04 10:55:12,913|" getmsgid hat status: started. 
"22.04 10:55:13,709|" loop_redakteur hat status: Redakteur hat neue ID erhalten und schlaeft ein. 
"22.04 10:55:13,724|" loop_redakteur hat status: Redakteur wacht wieder auf. 
"22.04 10:55:13,724|" handle_new_id hat status: 1319te Nachricht erstellt. 
"22.04 10:55:13,724|" write_new_message hat status: started. 
"22.04 10:55:13,724|" drop_message hat status: started. 
"22.04 10:55:13,724|" loop_redakteur hat status: start. 
"22.04 10:55:13,724|" getmsgid hat status: started. 
"22.04 10:55:14,581|" loop_redakteur hat status: Redakteur hat neue ID erhalten und schlaeft ein. 
"22.04 10:55:14,597|" loop_redakteur hat status: Redakteur wacht wieder auf. 
"22.04 10:55:14,597|" handle_new_id hat status: 1342te Nachricht erstellt. 
"22.04 10:55:14,597|" write_new_message hat status: started. 
"22.04 10:55:14,597|" drop_message hat status: started. 
"22.04 10:55:14,597|" loop_redakteur hat status: start. 
"22.04 10:55:14,597|" getmsgid hat status: started. 
"22.04 10:55:15,331|" loop_redakteur hat status: Redakteur hat neue ID erhalten und schlaeft ein. 
"22.04 10:55:15,347|" loop_redakteur hat status: Redakteur wacht wieder auf. 
"22.04 10:55:15,347|" loop_redakteur hat status: Wechsel zu Leser, Nachrichtnummer: 1364 'vergessen' zu senden. 
"22.04 10:55:15,347|" calcNewIntervall hat status: started. 
"22.04 10:55:15,347|" calcNewIntervall hat status: New: 0. 
"22.04 10:55:15,347|" calcNewIntervall hat status: Result: 2. 
"22.04 10:55:15,347|" loop_leser hat status: start. 
"22.04 10:55:15,347|" getmessage hat status: started. 
"22.04 10:55:16,048|" loop_leser hat status: Future: true [68,105,102,102,101,114,101,110,122,58,32,
              [123,["0",44,"0",44,"-1000"],125]]// Received MessageNummer: 1178, Termi: true. 
"22.04 10:55:16,048|" loop_leser hat status: Wechsel zu Redakteur. 
"22.04 10:55:16,048|" loop_redakteur hat status: start. 
"22.04 10:55:16,048|" getmsgid hat status: started. 
"22.04 10:55:16,579|" loop_redakteur hat status: Redakteur hat neue ID erhalten und schlaeft ein. 
"22.04 10:55:16,595|" loop_redakteur hat status: Redakteur wacht wieder auf. 
"22.04 10:55:16,595|" handle_new_id hat status: 1401te Nachricht erstellt. 
"22.04 10:55:16,595|" write_new_message hat status: started. 
"22.04 10:55:16,595|" drop_message hat status: started. 
"22.04 10:55:16,595|" loop_redakteur hat status: start. 
"22.04 10:55:16,595|" getmsgid hat status: started. 
"22.04 10:55:17,296|" loop_redakteur hat status: Redakteur hat neue ID erhalten und schlaeft ein. 
"22.04 10:55:17,312|" loop_redakteur hat status: Redakteur wacht wieder auf. 
"22.04 10:55:17,312|" handle_new_id hat status: 1426te Nachricht erstellt. 
"22.04 10:55:17,312|" write_new_message hat status: started. 
"22.04 10:55:17,312|" drop_message hat status: started. 
"22.04 10:55:17,312|" loop_redakteur hat status: start. 
"22.04 10:55:17,312|" getmsgid hat status: started. 
"22.04 10:55:18,108|" loop_redakteur hat status: Redakteur hat neue ID erhalten und schlaeft ein. 
"22.04 10:55:18,124|" loop_redakteur hat status: Redakteur wacht wieder auf. 
"22.04 10:55:18,124|" handle_new_id hat status: 1448te Nachricht erstellt. 
"22.04 10:55:18,124|" write_new_message hat status: started. 
"22.04 10:55:18,124|" drop_message hat status: started. 
"22.04 10:55:18,124|" loop_redakteur hat status: start. 
"22.04 10:55:18,124|" getmsgid hat status: started. 
"22.04 10:55:19,012|" loop_redakteur hat status: Redakteur hat neue ID erhalten und schlaeft ein. 
"22.04 10:55:19,028|" loop_redakteur hat status: Redakteur wacht wieder auf. 
"22.04 10:55:19,028|" handle_new_id hat status: 1469te Nachricht erstellt. 
"22.04 10:55:19,028|" write_new_message hat status: started. 
"22.04 10:55:19,028|" drop_message hat status: started. 
"22.04 10:55:19,028|" loop_redakteur hat status: start. 
"22.04 10:55:19,028|" getmsgid hat status: started. 
"22.04 10:55:19,698|" loop_redakteur hat status: Redakteur hat neue ID erhalten und schlaeft ein. 
"22.04 10:55:19,714|" loop_redakteur hat status: Redakteur wacht wieder auf. 
"22.04 10:55:19,714|" handle_new_id hat status: 1492te Nachricht erstellt. 
"22.04 10:55:19,714|" write_new_message hat status: started. 
"22.04 10:55:19,714|" drop_message hat status: started. 
"22.04 10:55:19,714|" loop_redakteur hat status: start. 
"22.04 10:55:19,714|" getmsgid hat status: started. 
"22.04 10:55:20,448|" loop_redakteur hat status: Redakteur hat neue ID erhalten und schlaeft ein. 
"22.04 10:55:20,464|" loop_redakteur hat status: Redakteur wacht wieder auf. 
"22.04 10:55:20,464|" loop_redakteur hat status: Wechsel zu Leser, Nachrichtnummer: 1514 'vergessen' zu senden. 
"22.04 10:55:20,464|" calcNewIntervall hat status: started. 
"22.04 10:55:20,464|" calcNewIntervall hat status: New: 0. 
"22.04 10:55:20,464|" calcNewIntervall hat status: Result: 2. 
"22.04 10:55:20,464|" loop_leser hat status: start. 
"22.04 10:55:20,464|" getmessage hat status: started. 
"22.04 10:55:20,947|" loop_leser hat status: Future: true [68,105,102,102,101,114,101,110,122,58,32,
              [123,["0",44,"0",44,"-1000"],125]]// Received MessageNummer: 0, Termi: true. 
"22.04 10:55:20,947|" loop_leser hat status: Wechsel zu Redakteur. 
"22.04 10:55:20,947|" loop_redakteur hat status: start. 
"22.04 10:55:20,947|" getmsgid hat status: started. 
"22.04 10:55:21,462|" loop_redakteur hat status: Redakteur hat neue ID erhalten und schlaeft ein. 
"22.04 10:55:21,478|" loop_redakteur hat status: Redakteur wacht wieder auf. 
"22.04 10:55:21,478|" handle_new_id hat status: 1551te Nachricht erstellt. 
"22.04 10:55:21,478|" write_new_message hat status: started. 
"22.04 10:55:21,478|" drop_message hat status: started. 
"22.04 10:55:21,478|" loop_redakteur hat status: start. 
"22.04 10:55:21,478|" getmsgid hat status: started. 
"22.04 10:55:22,211|" loop_redakteur hat status: Redakteur hat neue ID erhalten und schlaeft ein. 
"22.04 10:55:22,226|" loop_redakteur hat status: Redakteur wacht wieder auf. 
"22.04 10:55:22,226|" handle_new_id hat status: 1577te Nachricht erstellt. 
"22.04 10:55:22,226|" write_new_message hat status: started. 
"22.04 10:55:22,226|" drop_message hat status: started. 
"22.04 10:55:22,367|" loop_redakteur hat status: start. 
"22.04 10:55:22,367|" getmsgid hat status: started. 
"22.04 10:55:23,131|" loop_redakteur hat status: Redakteur hat neue ID erhalten und schlaeft ein. 
"22.04 10:55:23,147|" loop_redakteur hat status: Redakteur wacht wieder auf. 
"22.04 10:55:23,147|" handle_new_id hat status: 1599te Nachricht erstellt. 
"22.04 10:55:23,147|" write_new_message hat status: started. 
"22.04 10:55:23,147|" drop_message hat status: started. 
"22.04 10:55:23,147|" loop_redakteur hat status: start. 
"22.04 10:55:23,147|" getmsgid hat status: started. 
"22.04 10:55:23,927|" loop_redakteur hat status: Redakteur hat neue ID erhalten und schlaeft ein. 
"22.04 10:55:23,941|" loop_redakteur hat status: Redakteur wacht wieder auf. 
"22.04 10:55:23,941|" handle_new_id hat status: 1620te Nachricht erstellt. 
"22.04 10:55:23,941|" write_new_message hat status: started. 
"22.04 10:55:23,941|" drop_message hat status: started. 
"22.04 10:55:23,941|" loop_redakteur hat status: start. 
"22.04 10:55:23,941|" getmsgid hat status: started. 
"22.04 10:55:24,815|" loop_redakteur hat status: Redakteur hat neue ID erhalten und schlaeft ein. 
"22.04 10:55:24,831|" loop_redakteur hat status: Redakteur wacht wieder auf. 
"22.04 10:55:24,831|" handle_new_id hat status: 1643te Nachricht erstellt. 
"22.04 10:55:24,831|" write_new_message hat status: started. 
"22.04 10:55:24,831|" drop_message hat status: started. 
"22.04 10:55:24,831|" loop_redakteur hat status: start. 
"22.04 10:55:24,831|" getmsgid hat status: started. 
"22.04 10:55:25,564|" loop_redakteur hat status: Redakteur hat neue ID erhalten und schlaeft ein. 
"22.04 10:55:25,580|" loop_redakteur hat status: Redakteur wacht wieder auf. 
"22.04 10:55:25,580|" loop_redakteur hat status: Wechsel zu Leser, Nachrichtnummer: 1665 'vergessen' zu senden. 
"22.04 10:55:25,580|" calcNewIntervall hat status: started. 
"22.04 10:55:25,580|" calcNewIntervall hat status: New: 0. 
"22.04 10:55:25,580|" calcNewIntervall hat status: Result: 2. 
"22.04 10:55:25,580|" loop_leser hat status: start. 
"22.04 10:55:25,580|" getmessage hat status: started. 
"22.04 10:55:26,562|" loop_leser hat status: Future: true [68,105,102,102,101,114,101,110,122,58,32,
              [123,["0",44,"0",44,"-1000"],125]]// Received MessageNummer: 1478, Termi: true. 
"22.04 10:55:26,562|" loop_leser hat status: Wechsel zu Redakteur. 
"22.04 10:55:26,562|" loop_redakteur hat status: start. 
"22.04 10:55:26,562|" getmsgid hat status: started. 
"22.04 10:55:27,125|" loop_redakteur hat status: Redakteur hat neue ID erhalten und schlaeft ein. 
"22.04 10:55:27,140|" loop_redakteur hat status: Redakteur wacht wieder auf. 
"22.04 10:55:27,140|" handle_new_id hat status: 1702te Nachricht erstellt. 
"22.04 10:55:27,140|" write_new_message hat status: started. 
"22.04 10:55:27,140|" drop_message hat status: started. 
"22.04 10:55:27,140|" loop_redakteur hat status: start. 
"22.04 10:55:27,140|" getmsgid hat status: started. 
"22.04 10:55:27,858|" loop_redakteur hat status: Redakteur hat neue ID erhalten und schlaeft ein. 
"22.04 10:55:27,874|" loop_redakteur hat status: Redakteur wacht wieder auf. 
"22.04 10:55:27,874|" handle_new_id hat status: 1727te Nachricht erstellt. 
"22.04 10:55:27,874|" write_new_message hat status: started. 
"22.04 10:55:27,874|" drop_message hat status: started. 
"22.04 10:55:27,874|" loop_redakteur hat status: start. 
"22.04 10:55:27,874|" getmsgid hat status: started. 
"22.04 10:55:29,121|" loop_redakteur hat status: Redakteur hat neue ID erhalten und schlaeft ein. 
"22.04 10:55:29,137|" loop_redakteur hat status: Redakteur wacht wieder auf. 
"22.04 10:55:29,137|" handle_new_id hat status: 1749te Nachricht erstellt. 
"22.04 10:55:29,137|" write_new_message hat status: started. 
"22.04 10:55:29,137|" drop_message hat status: started. 
"22.04 10:55:29,137|" loop_redakteur hat status: start. 
"22.04 10:55:29,137|" getmsgid hat status: started. 
"22.04 10:55:30,058|" loop_redakteur hat status: Redakteur hat neue ID erhalten und schlaeft ein. 
"22.04 10:55:30,073|" loop_redakteur hat status: Redakteur wacht wieder auf. 
"22.04 10:55:30,073|" handle_new_id hat status: 1770te Nachricht erstellt. 
"22.04 10:55:30,073|" write_new_message hat status: started. 
"22.04 10:55:30,073|" drop_message hat status: started. 
"22.04 10:55:30,073|" loop_redakteur hat status: start. 
"22.04 10:55:30,073|" getmsgid hat status: started. 
"22.04 10:55:30,744|" loop_redakteur hat status: Redakteur hat neue ID erhalten und schlaeft ein. 
"22.04 10:55:30,760|" loop_redakteur hat status: Redakteur wacht wieder auf. 
"22.04 10:55:30,760|" handle_new_id hat status: 1793te Nachricht erstellt. 
"22.04 10:55:30,760|" write_new_message hat status: started. 
"22.04 10:55:30,760|" drop_message hat status: started. 
"22.04 10:55:30,760|" loop_redakteur hat status: start. 
"22.04 10:55:30,760|" getmsgid hat status: started. 
"22.04 10:55:31,508|" loop_redakteur hat status: Redakteur hat neue ID erhalten und schlaeft ein. 
"22.04 10:55:31,524|" loop_redakteur hat status: Redakteur wacht wieder auf. 
"22.04 10:55:31,524|" loop_redakteur hat status: Wechsel zu Leser, Nachrichtnummer: 1815 'vergessen' zu senden. 
"22.04 10:55:31,524|" calcNewIntervall hat status: started. 
"22.04 10:55:31,524|" calcNewIntervall hat status: New: 0. 
"22.04 10:55:31,524|" calcNewIntervall hat status: Result: 2. 
"22.04 10:55:31,524|" loop_leser hat status: start. 
"22.04 10:55:31,524|" getmessage hat status: started. 
"22.04 10:55:32,147|" loop_leser hat status: Future: true [68,105,102,102,101,114,101,110,122,58,32,
              [123,["0",44,"0",44,"-1000"],125]]// Received MessageNummer: 0, Termi: true. 
"22.04 10:55:32,147|" loop_leser hat status: Wechsel zu Redakteur. 
"22.04 10:55:32,147|" loop_redakteur hat status: start. 
"22.04 10:55:32,147|" getmsgid hat status: started. 
"22.04 10:55:32,710|" loop_redakteur hat status: Redakteur hat neue ID erhalten und schlaeft ein. 
"22.04 10:55:32,725|" loop_redakteur hat status: Redakteur wacht wieder auf. 
"22.04 10:55:32,725|" handle_new_id hat status: 1852te Nachricht erstellt. 
"22.04 10:55:32,725|" write_new_message hat status: started. 
"22.04 10:55:32,725|" drop_message hat status: started. 
"22.04 10:55:32,725|" loop_redakteur hat status: start. 
"22.04 10:55:32,725|" getmsgid hat status: started. 
"22.04 10:55:33,224|" loop_redakteur hat status: Redakteur hat neue ID erhalten und schlaeft ein. 
"22.04 10:55:33,240|" loop_redakteur hat status: Redakteur wacht wieder auf. 
"22.04 10:55:33,240|" handle_new_id hat status: 1878te Nachricht erstellt. 
"22.04 10:55:33,240|" write_new_message hat status: started. 
"22.04 10:55:33,240|" drop_message hat status: started. 
"22.04 10:55:33,240|" loop_redakteur hat status: start. 
"22.04 10:55:33,240|" getmsgid hat status: started. 
"22.04 10:55:33,770|" loop_redakteur hat status: Redakteur hat neue ID erhalten und schlaeft ein. 
"22.04 10:55:33,786|" loop_redakteur hat status: Redakteur wacht wieder auf. 
"22.04 10:55:33,786|" handle_new_id hat status: 1901te Nachricht erstellt. 
"22.04 10:55:33,786|" write_new_message hat status: started. 
"22.04 10:55:33,786|" drop_message hat status: started. 
"22.04 10:55:33,786|" loop_redakteur hat status: start. 
"22.04 10:55:33,786|" getmsgid hat status: started. 
"22.04 10:55:34,613|" loop_redakteur hat status: Redakteur hat neue ID erhalten und schlaeft ein. 
"22.04 10:55:34,628|" loop_redakteur hat status: Redakteur wacht wieder auf. 
"22.04 10:55:34,628|" handle_new_id hat status: 1921te Nachricht erstellt. 
"22.04 10:55:34,628|" write_new_message hat status: started. 
"22.04 10:55:34,628|" drop_message hat status: started. 
"22.04 10:55:34,628|" loop_redakteur hat status: start. 
"22.04 10:55:34,628|" getmsgid hat status: started. 
"22.04 10:55:35,314|" loop_redakteur hat status: Redakteur hat neue ID erhalten und schlaeft ein. 
"22.04 10:55:35,330|" loop_redakteur hat status: Redakteur wacht wieder auf. 
"22.04 10:55:35,330|" handle_new_id hat status: 1945te Nachricht erstellt. 
"22.04 10:55:35,330|" write_new_message hat status: started. 
"22.04 10:55:35,330|" drop_message hat status: started. 
"22.04 10:55:35,330|" loop_redakteur hat status: start. 
"22.04 10:55:35,330|" getmsgid hat status: started. 
"22.04 10:55:36,064|" loop_redakteur hat status: Redakteur hat neue ID erhalten und schlaeft ein. 
"22.04 10:55:36,079|" loop_redakteur hat status: Redakteur wacht wieder auf. 
"22.04 10:55:36,079|" loop_redakteur hat status: Wechsel zu Leser, Nachrichtnummer: 1967 'vergessen' zu senden. 
"22.04 10:55:36,079|" calcNewIntervall hat status: started. 
"22.04 10:55:36,079|" calcNewIntervall hat status: New: 0. 
"22.04 10:55:36,079|" calcNewIntervall hat status: Result: 2. 
"22.04 10:55:36,079|" loop_leser hat status: start. 
"22.04 10:55:36,079|" getmessage hat status: started. 
"22.04 10:55:37,062|" loop_leser hat status: Future: true [68,105,102,102,101,114,101,110,122,58,32,
              [123,["0",44,"0",44,"-1000"],125]]// Received MessageNummer: 1783, Termi: true. 
"22.04 10:55:37,062|" loop_leser hat status: Wechsel zu Redakteur. 
"22.04 10:55:37,062|" loop_redakteur hat status: start. 
"22.04 10:55:37,062|" getmsgid hat status: started. 
"22.04 10:55:37,592|" loop_redakteur hat status: Redakteur hat neue ID erhalten und schlaeft ein. 
"22.04 10:55:37,608|" loop_redakteur hat status: Redakteur wacht wieder auf. 
"22.04 10:55:37,608|" handle_new_id hat status: 2004te Nachricht erstellt. 
"22.04 10:55:37,608|" write_new_message hat status: started. 
"22.04 10:55:37,608|" drop_message hat status: started. 
"22.04 10:55:37,608|" loop_redakteur hat status: start. 
"22.04 10:55:37,608|" getmsgid hat status: started. 
"22.04 10:55:38,466|" loop_redakteur hat status: Redakteur hat neue ID erhalten und schlaeft ein. 
"22.04 10:55:38,482|" loop_redakteur hat status: Redakteur wacht wieder auf. 
"22.04 10:55:38,482|" handle_new_id hat status: 2029te Nachricht erstellt. 
"22.04 10:55:38,482|" write_new_message hat status: started. 
"22.04 10:55:38,482|" drop_message hat status: started. 
"22.04 10:55:38,482|" loop_redakteur hat status: start. 
"22.04 10:55:38,482|" getmsgid hat status: started. 
"22.04 10:55:39,901|" loop_redakteur hat status: Redakteur hat neue ID erhalten und schlaeft ein. 
"22.04 10:55:39,917|" loop_redakteur hat status: Redakteur wacht wieder auf. 
"22.04 10:55:39,917|" handle_new_id hat status: 2051te Nachricht erstellt. 
"22.04 10:55:39,917|" write_new_message hat status: started. 
"22.04 10:55:39,917|" drop_message hat status: started. 
"22.04 10:55:39,917|" loop_redakteur hat status: start. 
"22.04 10:55:39,917|" getmsgid hat status: started. 
"22.04 10:55:40,619|" loop_redakteur hat status: Redakteur hat neue ID erhalten und schlaeft ein. 
"22.04 10:55:40,633|" loop_redakteur hat status: Redakteur wacht wieder auf. 
"22.04 10:55:40,633|" handle_new_id hat status: 2072te Nachricht erstellt. 
"22.04 10:55:40,633|" write_new_message hat status: started. 
"22.04 10:55:40,633|" drop_message hat status: started. 
"22.04 10:55:40,633|" loop_redakteur hat status: start. 
"22.04 10:55:40,633|" getmsgid hat status: started. 
"22.04 10:55:41,304|" loop_redakteur hat status: Redakteur hat neue ID erhalten und schlaeft ein. 
"22.04 10:55:41,321|" loop_redakteur hat status: Redakteur wacht wieder auf. 
"22.04 10:55:41,321|" handle_new_id hat status: 2095te Nachricht erstellt. 
"22.04 10:55:41,321|" write_new_message hat status: started. 
"22.04 10:55:41,321|" drop_message hat status: started. 
"22.04 10:55:41,321|" loop_redakteur hat status: start. 
"22.04 10:55:41,321|" getmsgid hat status: started. 
"22.04 10:55:42,038|" loop_redakteur hat status: Redakteur hat neue ID erhalten und schlaeft ein. 
"22.04 10:55:42,054|" loop_redakteur hat status: Redakteur wacht wieder auf. 
"22.04 10:55:42,054|" loop_redakteur hat status: Wechsel zu Leser, Nachrichtnummer: 2117 'vergessen' zu senden. 
"22.04 10:55:42,054|" calcNewIntervall hat status: started. 
"22.04 10:55:42,054|" calcNewIntervall hat status: New: 0. 
"22.04 10:55:42,054|" calcNewIntervall hat status: Result: 2. 
"22.04 10:55:42,054|" loop_leser hat status: start. 
"22.04 10:55:42,054|" getmessage hat status: started. 
"22.04 10:55:42,819|" loop_leser hat status: Future: true [68,105,102,102,101,114,101,110,122,58,32,
              [123,["0",44,"0",44,"-1000"],125]]// Received MessageNummer: 0, Termi: true. 
"22.04 10:55:42,819|" loop_leser hat status: Wechsel zu Redakteur. 
"22.04 10:55:42,819|" loop_redakteur hat status: start. 
"22.04 10:55:42,819|" getmsgid hat status: started. 
"22.04 10:55:43,177|" loop_redakteur hat status: Redakteur hat neue ID erhalten und schlaeft ein. 
"22.04 10:55:43,193|" loop_redakteur hat status: Redakteur wacht wieder auf. 
"22.04 10:55:43,193|" handle_new_id hat status: 2154te Nachricht erstellt. 
"22.04 10:55:43,193|" write_new_message hat status: started. 
"22.04 10:55:43,193|" drop_message hat status: started. 
"22.04 10:55:43,193|" loop_redakteur hat status: start. 
"22.04 10:55:43,193|" getmsgid hat status: started. 
"22.04 10:55:43,677|" loop_redakteur hat status: Redakteur hat neue ID erhalten und schlaeft ein. 
"22.04 10:55:43,691|" loop_redakteur hat status: Redakteur wacht wieder auf. 
"22.04 10:55:43,691|" handle_new_id hat status: 2179te Nachricht erstellt. 
"22.04 10:55:43,691|" write_new_message hat status: started. 
"22.04 10:55:43,691|" drop_message hat status: started. 
"22.04 10:55:43,691|" loop_redakteur hat status: start. 
"22.04 10:55:43,691|" getmsgid hat status: started. 
"22.04 10:55:45,143|" loop_redakteur hat status: Redakteur hat neue ID erhalten und schlaeft ein. 
"22.04 10:55:45,159|" loop_redakteur hat status: Redakteur wacht wieder auf. 
"22.04 10:55:45,159|" handle_new_id hat status: 2201te Nachricht erstellt. 
"22.04 10:55:45,159|" write_new_message hat status: started. 
"22.04 10:55:45,159|" drop_message hat status: started. 
"22.04 10:55:45,159|" loop_redakteur hat status: start. 
"22.04 10:55:45,159|" getmsgid hat status: started. 
"22.04 10:55:45,891|" loop_redakteur hat status: Redakteur hat neue ID erhalten und schlaeft ein. 
"22.04 10:55:45,907|" loop_redakteur hat status: Redakteur wacht wieder auf. 
"22.04 10:55:45,907|" handle_new_id hat status: 2222te Nachricht erstellt. 
"22.04 10:55:45,907|" write_new_message hat status: started. 
"22.04 10:55:45,907|" drop_message hat status: started. 
"22.04 10:55:45,907|" loop_redakteur hat status: start. 
"22.04 10:55:45,907|" getmsgid hat status: started. 
"22.04 10:55:46,625|" loop_redakteur hat status: Redakteur hat neue ID erhalten und schlaeft ein. 
"22.04 10:55:46,641|" loop_redakteur hat status: Redakteur wacht wieder auf. 
"22.04 10:55:46,641|" handle_new_id hat status: 2245te Nachricht erstellt. 
"22.04 10:55:46,641|" write_new_message hat status: started. 
"22.04 10:55:46,641|" drop_message hat status: started. 
"22.04 10:55:46,641|" loop_redakteur hat status: start. 
"22.04 10:55:46,641|" getmsgid hat status: started. 
"22.04 10:55:46,984|" loop_redakteur hat status: Redakteur hat neue ID erhalten und schlaeft ein. 
"22.04 10:55:46,999|" loop_redakteur hat status: Redakteur wacht wieder auf. 
"22.04 10:55:46,999|" loop_redakteur hat status: Wechsel zu Leser, Nachrichtnummer: 2266 'vergessen' zu senden. 
"22.04 10:55:46,999|" calcNewIntervall hat status: started. 
"22.04 10:55:46,999|" calcNewIntervall hat status: New: 0. 
"22.04 10:55:46,999|" calcNewIntervall hat status: Result: 2. 
"22.04 10:55:46,999|" loop_leser hat status: start. 
"22.04 10:55:46,999|" getmessage hat status: started. 
"22.04 10:55:47,717|" loop_leser hat status: Future: true [68,105,102,102,101,114,101,110,122,58,32,
              [123,["0",44,"0",44,"-1000"],125]]// Received MessageNummer: 2082, Termi: true. 
"22.04 10:55:47,717|" loop_leser hat status: Wechsel zu Redakteur. 
"22.04 10:55:47,717|" loop_redakteur hat status: start. 
"22.04 10:55:47,717|" getmsgid hat status: started. 
"22.04 10:55:48,232|" loop_redakteur hat status: Redakteur hat neue ID erhalten und schlaeft ein. 
"22.04 10:55:48,246|" loop_redakteur hat status: Redakteur wacht wieder auf. 
"22.04 10:55:48,246|" handle_new_id hat status: 2304te Nachricht erstellt. 
"22.04 10:55:48,246|" write_new_message hat status: started. 
"22.04 10:55:48,246|" drop_message hat status: started. 
"22.04 10:55:48,371|" loop_redakteur hat status: start. 
"22.04 10:55:48,371|" getmsgid hat status: started. 
"22.04 10:55:49,042|" loop_redakteur hat status: Redakteur hat neue ID erhalten und schlaeft ein. 
"22.04 10:55:49,058|" loop_redakteur hat status: Redakteur wacht wieder auf. 
"22.04 10:55:49,058|" handle_new_id hat status: 2331te Nachricht erstellt. 
"22.04 10:55:49,058|" write_new_message hat status: started. 
"22.04 10:55:49,058|" drop_message hat status: started. 
"22.04 10:55:49,058|" loop_redakteur hat status: start. 
"22.04 10:55:49,058|" getmsgid hat status: started. 
"22.04 10:55:49,823|" loop_redakteur hat status: Redakteur hat neue ID erhalten und schlaeft ein. 
"22.04 10:55:49,839|" loop_redakteur hat status: Redakteur wacht wieder auf. 
"22.04 10:55:49,839|" handle_new_id hat status: 2353te Nachricht erstellt. 
"22.04 10:55:49,839|" write_new_message hat status: started. 
"22.04 10:55:49,839|" drop_message hat status: started. 
"22.04 10:55:49,839|" loop_redakteur hat status: start. 
"22.04 10:55:49,839|" getmsgid hat status: started. 
"22.04 10:55:50,790|" loop_redakteur hat status: Redakteur hat neue ID erhalten und schlaeft ein. 
"22.04 10:55:50,806|" loop_redakteur hat status: Redakteur wacht wieder auf. 
"22.04 10:55:50,806|" handle_new_id hat status: 2372te Nachricht erstellt. 
"22.04 10:55:50,806|" write_new_message hat status: started. 
"22.04 10:55:50,806|" drop_message hat status: started. 
"22.04 10:55:50,806|" loop_redakteur hat status: start. 
"22.04 10:55:50,806|" getmsgid hat status: started. 
"22.04 10:55:51,461|" loop_redakteur hat status: Redakteur hat neue ID erhalten und schlaeft ein. 
"22.04 10:55:51,476|" loop_redakteur hat status: Redakteur wacht wieder auf. 
"22.04 10:55:51,476|" handle_new_id hat status: 2397te Nachricht erstellt. 
"22.04 10:55:51,476|" write_new_message hat status: started. 
"22.04 10:55:51,476|" drop_message hat status: started. 
"22.04 10:55:51,476|" loop_redakteur hat status: start. 
"22.04 10:55:51,476|" getmsgid hat status: started. 
"22.04 10:55:52,241|" loop_redakteur hat status: Redakteur hat neue ID erhalten und schlaeft ein. 
"22.04 10:55:52,257|" loop_redakteur hat status: Redakteur wacht wieder auf. 
"22.04 10:55:52,257|" loop_redakteur hat status: Wechsel zu Leser, Nachrichtnummer: 2418 'vergessen' zu senden. 
"22.04 10:55:52,257|" calcNewIntervall hat status: started. 
"22.04 10:55:52,257|" calcNewIntervall hat status: New: 0. 
"22.04 10:55:52,257|" calcNewIntervall hat status: Result: 2. 
"22.04 10:55:52,257|" loop_leser hat status: start. 
"22.04 10:55:52,257|" getmessage hat status: started. 
"22.04 10:55:52,959|" loop_leser hat status: Future: true [68,105,102,102,101,114,101,110,122,58,32,
              [123,["0",44,"0",44,"-1000"],125]]// Received MessageNummer: 0, Termi: true. 
"22.04 10:55:52,959|" loop_leser hat status: Wechsel zu Redakteur. 
"22.04 10:55:52,959|" loop_redakteur hat status: start. 
"22.04 10:55:52,959|" getmsgid hat status: started. 
"22.04 10:55:53,504|" loop_redakteur hat status: Redakteur hat neue ID erhalten und schlaeft ein. 
"22.04 10:55:53,520|" loop_redakteur hat status: Redakteur wacht wieder auf. 
"22.04 10:55:53,520|" handle_new_id hat status: 2456te Nachricht erstellt. 
"22.04 10:55:53,520|" write_new_message hat status: started. 
"22.04 10:55:53,520|" drop_message hat status: started. 
"22.04 10:55:53,520|" loop_redakteur hat status: start. 
"22.04 10:55:53,520|" getmsgid hat status: started. 
"22.04 10:55:54,097|" loop_redakteur hat status: Redakteur hat neue ID erhalten und schlaeft ein. 
"22.04 10:55:54,113|" loop_redakteur hat status: Redakteur wacht wieder auf. 
"22.04 10:55:54,113|" handle_new_id hat status: 2482te Nachricht erstellt. 
"22.04 10:55:54,113|" write_new_message hat status: started. 
"22.04 10:55:54,113|" drop_message hat status: started. 
"22.04 10:55:54,113|" loop_redakteur hat status: start. 
"22.04 10:55:54,113|" getmsgid hat status: started. 
"22.04 10:55:55,937|" loop_redakteur hat status: Redakteur hat neue ID erhalten und schlaeft ein. 
"22.04 10:55:55,954|" loop_redakteur hat status: Redakteur wacht wieder auf. 
"22.04 10:55:55,954|" handle_new_id hat status: 2504te Nachricht erstellt. 
"22.04 10:55:55,954|" write_new_message hat status: started. 
"22.04 10:55:55,954|" drop_message hat status: started. 
"22.04 10:55:55,954|" loop_redakteur hat status: start. 
"22.04 10:55:55,954|" getmsgid hat status: started. 
"22.04 10:55:57,093|" loop_redakteur hat status: Redakteur hat neue ID erhalten und schlaeft ein. 
"22.04 10:55:57,108|" loop_redakteur hat status: Redakteur wacht wieder auf. 
"22.04 10:55:57,108|" handle_new_id hat status: 2523te Nachricht erstellt. 
"22.04 10:55:57,108|" write_new_message hat status: started. 
"22.04 10:55:57,108|" drop_message hat status: started. 
"22.04 10:55:57,108|" loop_redakteur hat status: start. 
"22.04 10:55:57,108|" getmsgid hat status: started. 
"22.04 10:55:57,778|" loop_redakteur hat status: Redakteur hat neue ID erhalten und schlaeft ein. 
"22.04 10:55:57,794|" loop_redakteur hat status: Redakteur wacht wieder auf. 
"22.04 10:55:57,794|" handle_new_id hat status: 2548te Nachricht erstellt. 
"22.04 10:55:57,794|" write_new_message hat status: started. 
"22.04 10:55:57,794|" drop_message hat status: started. 
"22.04 10:55:57,794|" loop_redakteur hat status: start. 
"22.04 10:55:57,794|" getmsgid hat status: started. 
"22.04 10:55:58,777|" loop_redakteur hat status: Redakteur hat neue ID erhalten und schlaeft ein. 
"22.04 10:55:58,793|" loop_redakteur hat status: Redakteur wacht wieder auf. 
"22.04 10:55:58,793|" loop_redakteur hat status: Wechsel zu Leser, Nachrichtnummer: 2569 'vergessen' zu senden. 
"22.04 10:55:58,793|" calcNewIntervall hat status: started. 
"22.04 10:55:58,793|" calcNewIntervall hat status: New: 0. 
"22.04 10:55:58,793|" calcNewIntervall hat status: Result: 2. 
"22.04 10:55:58,793|" loop_leser hat status: start. 
"22.04 10:55:58,793|" getmessage hat status: started. 
"22.04 10:55:59,401|" loop_leser hat status: Future: true [68,105,102,102,101,114,101,110,122,58,32,
              [123,["0",44,"0",44,"-1000"],125]]// Received MessageNummer: 2380, Termi: true. 
"22.04 10:55:59,401|" loop_leser hat status: Wechsel zu Redakteur. 
"22.04 10:55:59,401|" loop_redakteur hat status: start. 
"22.04 10:55:59,401|" getmsgid hat status: started. 
"22.04 10:55:59,947|" loop_redakteur hat status: Redakteur hat neue ID erhalten und schlaeft ein. 
"22.04 10:55:59,963|" loop_redakteur hat status: Redakteur wacht wieder auf. 
"22.04 10:55:59,963|" handle_new_id hat status: 2607te Nachricht erstellt. 
"22.04 10:55:59,963|" write_new_message hat status: started. 
"22.04 10:55:59,963|" drop_message hat status: started. 
"22.04 10:55:59,963|" loop_redakteur hat status: start. 
"22.04 10:55:59,963|" getmsgid hat status: started. 
"22.04 10:56:00,742|" loop_redakteur hat status: Redakteur hat neue ID erhalten und schlaeft ein. 
"22.04 10:56:00,758|" loop_redakteur hat status: Redakteur wacht wieder auf. 
"22.04 10:56:00,758|" handle_new_id hat status: 2632te Nachricht erstellt. 
"22.04 10:56:00,758|" write_new_message hat status: started. 
"22.04 10:56:00,758|" drop_message hat status: started. 
"22.04 10:56:00,758|" loop_redakteur hat status: start. 
"22.04 10:56:00,758|" getmsgid hat status: started. 
"22.04 10:56:01,585|" loop_redakteur hat status: Redakteur hat neue ID erhalten und schlaeft ein. 
"22.04 10:56:01,601|" loop_redakteur hat status: Redakteur wacht wieder auf. 
"22.04 10:56:01,601|" handle_new_id hat status: 2654te Nachricht erstellt. 
"22.04 10:56:01,601|" write_new_message hat status: started. 
"22.04 10:56:01,601|" drop_message hat status: started. 
"22.04 10:56:01,601|" loop_redakteur hat status: start. 
"22.04 10:56:01,601|" getmsgid hat status: started. 
"22.04 10:56:02,506|" loop_redakteur hat status: Redakteur hat neue ID erhalten und schlaeft ein. 
"22.04 10:56:02,520|" loop_redakteur hat status: Redakteur wacht wieder auf. 
"22.04 10:56:02,520|" handle_new_id hat status: 2674te Nachricht erstellt. 
"22.04 10:56:02,520|" write_new_message hat status: started. 
"22.04 10:56:02,520|" drop_message hat status: started. 
"22.04 10:56:02,520|" loop_redakteur hat status: start. 
"22.04 10:56:02,520|" getmsgid hat status: started. 
"22.04 10:56:03,114|" loop_redakteur hat status: Redakteur hat neue ID erhalten und schlaeft ein. 
"22.04 10:56:03,129|" loop_redakteur hat status: Redakteur wacht wieder auf. 
"22.04 10:56:03,129|" handle_new_id hat status: 2699te Nachricht erstellt. 
"22.04 10:56:03,129|" write_new_message hat status: started. 
"22.04 10:56:03,129|" drop_message hat status: started. 
"22.04 10:56:03,129|" loop_redakteur hat status: start. 
"22.04 10:56:03,129|" getmsgid hat status: started. 
"22.04 10:56:03,925|" loop_redakteur hat status: Redakteur hat neue ID erhalten und schlaeft ein. 
"22.04 10:56:03,940|" loop_redakteur hat status: Redakteur wacht wieder auf. 
"22.04 10:56:03,940|" loop_redakteur hat status: Wechsel zu Leser, Nachrichtnummer: 2720 'vergessen' zu senden. 
"22.04 10:56:03,940|" calcNewIntervall hat status: started. 
"22.04 10:56:03,940|" calcNewIntervall hat status: New: 0. 
"22.04 10:56:03,940|" calcNewIntervall hat status: Result: 2. 
"22.04 10:56:03,940|" loop_leser hat status: start. 
"22.04 10:56:03,940|" getmessage hat status: started. 
"22.04 10:56:04,314|" loop_leser hat status: Future: true [68,105,102,102,101,114,101,110,122,58,32,
              [123,["0",44,"0",44,"-1000"],125]]// Received MessageNummer: 0, Termi: true. 
"22.04 10:56:04,314|" loop_leser hat status: Wechsel zu Redakteur. 
"22.04 10:56:04,314|" loop_redakteur hat status: start. 
"22.04 10:56:04,314|" getmsgid hat status: started. 
"22.04 10:56:04,782|" loop_redakteur hat status: Redakteur hat neue ID erhalten und schlaeft ein. 
"22.04 10:56:04,798|" loop_redakteur hat status: Redakteur wacht wieder auf. 
"22.04 10:56:04,798|" handle_new_id hat status: 2754te Nachricht erstellt. 
"22.04 10:56:04,798|" write_new_message hat status: started. 
"22.04 10:56:04,798|" drop_message hat status: started. 
"22.04 10:56:04,798|" loop_redakteur hat status: start. 
"22.04 10:56:04,798|" getmsgid hat status: started. 
"22.04 10:56:05,439|" loop_redakteur hat status: Redakteur hat neue ID erhalten und schlaeft ein. 
"22.04 10:56:05,454|" loop_redakteur hat status: Redakteur wacht wieder auf. 
"22.04 10:56:05,454|" handle_new_id hat status: 2779te Nachricht erstellt. 
"22.04 10:56:05,454|" write_new_message hat status: started. 
"22.04 10:56:05,454|" drop_message hat status: started. 
"22.04 10:56:05,454|" loop_redakteur hat status: start. 
"22.04 10:56:05,454|" getmsgid hat status: started. 
"22.04 10:56:06,203|" loop_redakteur hat status: Redakteur hat neue ID erhalten und schlaeft ein. 
"22.04 10:56:06,219|" loop_redakteur hat status: Redakteur wacht wieder auf. 
"22.04 10:56:06,219|" handle_new_id hat status: 2802te Nachricht erstellt. 
"22.04 10:56:06,219|" write_new_message hat status: started. 
"22.04 10:56:06,219|" drop_message hat status: started. 
"22.04 10:56:06,421|" loop_redakteur hat status: start. 
"22.04 10:56:06,421|" getmsgid hat status: started. 
"22.04 10:56:07,217|" loop_redakteur hat status: Redakteur hat neue ID erhalten und schlaeft ein. 
"22.04 10:56:07,233|" loop_redakteur hat status: Redakteur wacht wieder auf. 
"22.04 10:56:07,233|" handle_new_id hat status: 2822te Nachricht erstellt. 
"22.04 10:56:07,233|" write_new_message hat status: started. 
"22.04 10:56:07,233|" drop_message hat status: started. 
"22.04 10:56:07,233|" loop_redakteur hat status: start. 
"22.04 10:56:07,233|" getmsgid hat status: started. 
"22.04 10:56:07,966|" loop_redakteur hat status: Redakteur hat neue ID erhalten und schlaeft ein. 
"22.04 10:56:07,980|" loop_redakteur hat status: Redakteur wacht wieder auf. 
"22.04 10:56:07,980|" handle_new_id hat status: 2844te Nachricht erstellt. 
"22.04 10:56:07,980|" write_new_message hat status: started. 
"22.04 10:56:07,980|" drop_message hat status: started. 
"22.04 10:56:07,980|" loop_redakteur hat status: start. 
"22.04 10:56:07,980|" getmsgid hat status: started. 
"22.04 10:56:07,980|" killHandler hat status: Client wurde vom Hauptclientprozess gekillt. 
